Direction: 91.91113784055594
x_offset: -58.099999999999994
Now step changed to: 1

Direction: 92.01894077504355
x_offset: -63.900000000000006

Direction: 91.98552871375509
x_offset: -57.69999999999999

Direction: 91.52312343742268
x_offset: -61.75

Direction: 91.04091497458296
x_offset: -53.0

Direction: 91.4548877176847
x_offset: -62.75

Direction: 91.45081255248316
x_offset: -62.25

Direction: 90.95000399107735
x_offset: -66.0

Direction: 91.1369626884973
x_offset: -58.41666666666666

Direction: 91.00967354207638
x_offset: -63.80000000000001

Direction: 90.15436683422797
x_offset: -58.08333333333334

Direction: 90.40983853451883
x_offset: -64.19999999999999

Direction: 90.02977305272671
x_offset: -65.0

Direction: 89.98591392911823
x_offset: -63.25

Direction: 89.91793880626724
x_offset: -64.5

Direction: 89.78012650453682
x_offset: -61.25

Direction: 89.40583214874577
x_offset: -67.80000000000001

Direction: 89.58025161723774
x_offset: -67.875

Direction: 89.4723801739957
x_offset: -66.83333333333334

Direction: 89.42863503430613
x_offset: -69.625

Direction: 89.41686384789153
x_offset: -63.30000000000001

Direction: 89.56053500010366
x_offset: -66.58333333333334

Direction: 89.51749857463031
x_offset: -65.25

Direction: 89.10743975299476
x_offset: -67.75

Direction: 89.46881241697474
x_offset: -68.75

Direction: 89.64486746194797
x_offset: -74.08333333333333

Direction: 89.52499366421567
x_offset: -75.0

Direction: 89.51847181015313
x_offset: -66.25

Direction: 89.43324629212253
x_offset: -64.08333333333334

Direction: 89.91589017192784
x_offset: -57.625

Direction: 89.5782580321926
x_offset: -62.375

Direction: 89.94734240824666
x_offset: -61.400000000000006

Direction: 89.9574382508487
x_offset: -56.75

Direction: 90.3810509240542
x_offset: -60.16666666666666

Direction: 89.54196914102977
x_offset: -61.0

Direction: 90.01699705732898
x_offset: -64.16666666666666

Direction: 89.96769624946447
x_offset: -64.5

Direction: 89.47597453089648
x_offset: -51.5

Direction: 89.90946257255864
x_offset: -79.875

Direction: 88.61546380525783
x_offset: -60.099999999999994

Direction: 88.56504122049071
x_offset: -60.375

Direction: 88.50345813430005
x_offset: -66.0

Direction: 88.55802930903897
x_offset: -88.33333333333333

Direction: 90.47389512241983
x_offset: -70.21428571428572

Direction: 89.84915811582144
x_offset: -75.8

Direction: 90.95573572305466
x_offset: -83.375

Direction: 90.53856293528125
x_offset: -74.66666666666667

Direction: 90.42785355320046
x_offset: -80.75

Direction: 90.38253760979185
x_offset: -81.0

Direction: 86.42790441475591
x_offset: -89.75

Direction: 86.42214997771364
x_offset: -90.5

Direction: 85.84508759622472
x_offset: -88.1

Direction: 89.88767663862326
x_offset: -95.92857142857143

Direction: 90.39468913172351
x_offset: -83.94444444444444

Direction: 90.43337479617911
x_offset: -84.1

Direction: 90.01931337845619
x_offset: -88.21428571428571

Direction: 90.03585029956977
x_offset: -79.25

Direction: 90.46523231961265
x_offset: -81.4375

Direction: 85.14953532894762
x_offset: -89.85714285714286

Direction: 85.96898769114632
x_offset: -83.5

Direction: 89.94983811283305
x_offset: -89.7

Direction: 90.00814007643018
x_offset: -87.16666666666667

Direction: 90.03835912426123
x_offset: -87.85714285714286

Direction: 89.91427013258642
x_offset: -83.08333333333333

Direction: 89.85491852756388
x_offset: -88.625

Direction: 85.98818525556844
x_offset: -85.75

Direction: 85.92821975232948
x_offset: -93.0

Direction: 90.11888884508224
x_offset: -85.5

Direction: 90.3905596069938
x_offset: -80.375

Direction: 89.89044080276054
x_offset: -84.375

Direction: 86.02978246142789
x_offset: -82.375

Direction: 90.72506999918023
x_offset: -76.92857142857143

Direction: 90.46101194696249
x_offset: -79.08333333333333

Direction: 90.60318839562188
x_offset: -76.91666666666667

Direction: 86.44846755735901
x_offset: -72.125

Direction: 86.47071834104509
x_offset: -81.5

Direction: 91.40255473284863
x_offset: -80.1

Direction: 90.43713041883149
x_offset: -63.35714285714286

Direction: 87.34523220622282
x_offset: -75.6

Direction: 87.07049165099518
x_offset: -72.375

Direction: 90.45143940312593
x_offset: -66.1

Direction: 90.40537784466552
x_offset: -63.900000000000006

Direction: 90.37671972942394
x_offset: -67.41666666666666

Direction: 90.04573679529517
x_offset: -61.21428571428572

Direction: 90.92947430604093
x_offset: -65.69999999999999

Direction: 90.83920441425695
x_offset: -54.80000000000001

Direction: 88.02509507616327
x_offset: -55.125

Direction: 88.47896097970035
x_offset: -59.0

Direction: 88.57423471077806
x_offset: -46.375

Direction: 88.94144003506456
x_offset: -44.75

Direction: 89.40051066293998
x_offset: -50.099999999999994

Direction: 89.46499701576147
x_offset: -33.30000000000001

Direction: 89.52644684357097
x_offset: -29.19999999999999

Direction: 89.48585806312536
x_offset: -34.625

Direction: 89.49017480108367
x_offset: -23.833333333333343

Direction: 89.4934269488497
x_offset: -22.0

Direction: 89.49515223038938
x_offset: -32.900000000000006

Direction: 88.87552575227113
x_offset: -30.80000000000001

Direction: 88.49079289219944
x_offset: -31.625

Direction: 87.94334571567006
x_offset: -33.0

Direction: 87.42014852466596
x_offset: -43.900000000000006

Direction: 87.03167330330484
x_offset: -36.30000000000001

Direction: 85.56969929942807
x_offset: -39.928571428571416

Direction: 85.94012370121033
x_offset: -34.400000000000006

Direction: 85.07713489013231
x_offset: -43.41666666666666

Direction: 84.98759170492242
x_offset: -39.83333333333334

Direction: 84.48775813571471
x_offset: -41.875

Direction: 84.0121067045259
x_offset: -36.125

Direction: 83.967546303453
x_offset: -49.0

Direction: 83.53385050439952
x_offset: -52.66666666666666

Direction: 83.50535241747063
x_offset: -41.099999999999994

Direction: 83.55545922231235
x_offset: -40.599999999999994

Direction: 83.49675414093835
x_offset: -38.66666666666666

Direction: 83.49350277637441
x_offset: -50.875

Direction: 83.52817337606875
x_offset: -39.80000000000001

Direction: 83.50446623637279
x_offset: -48.400000000000006

Direction: 83.68425268141756
x_offset: -36.25

Direction: 84.4332219510263
x_offset: -35.5

Direction: 84.49527340820225
x_offset: -31.69999999999999

Direction: 84.52756953519747
x_offset: -38.5

Direction: 84.52705567906212
x_offset: -38.19999999999999

Direction: 85.00462915218034
x_offset: -36.599999999999994

Direction: 85.46585037286522
x_offset: -23.5

Direction: 85.95482922451308
x_offset: -19.5

Direction: 85.52193090262901
x_offset: -38.33333333333334

Direction: 85.51424180780396
x_offset: -20.400000000000006

Direction: 85.58027210835239
x_offset: -19.833333333333343

Direction: 85.62211968283782
x_offset: -19.599999999999994

Direction: 85.572254050168
x_offset: -16.083333333333343

Direction: 85.71534671786819
x_offset: -13.928571428571416

Direction: 85.44161715630611
x_offset: -27.625

Direction: 85.89323761039788
x_offset: -31.875

Direction: 84.68040614452033
x_offset: -21.69999999999999

Direction: 84.52700710663751
x_offset: -22.0

Direction: 84.91373009898945
x_offset: -20.099999999999994

Direction: 84.99848865047142
x_offset: -30.19999999999999

Direction: 85.0236109728339
x_offset: -24.0

Direction: 85.07718855120493
x_offset: -25.125

Direction: 85.02995284960853
x_offset: -37.91666666666666

Direction: 84.64254511738497
x_offset: -49.94444444444446

Direction: 85.42338687989235
x_offset: -26.4375

Direction: 85.498720261471
x_offset: -30.30000000000001

Direction: 85.63001017553557
x_offset: -19.0

Direction: 85.53463098358692
x_offset: -42.5

Direction: 85.63917384614857
x_offset: -38.80000000000001

Direction: 85.63412318513069
x_offset: -49.125

Direction: 85.6840767933837
x_offset: -39.599999999999994

Direction: 85.73985954747184
x_offset: -29.599999999999994

Direction: 85.60260236575411
x_offset: -36.5

Direction: 85.56289728597298
x_offset: -32.66666666666666

Direction: 85.53882889987587
x_offset: -45.375

Direction: 85.41978282775801
x_offset: -52.08333333333334

Direction: 84.60841150882096
x_offset: -44.19999999999999

Direction: 84.63282895864154
x_offset: -43.400000000000006

Direction: 84.47748369303501
x_offset: -58.80000000000001

Direction: 84.58700007725817
x_offset: -52.5

Direction: 84.5844965996269
x_offset: -66.9

Direction: 84.3874933687526
x_offset: -74.5

Direction: 83.5771758965575
x_offset: -62.0

Direction: 83.54881782225435
x_offset: -61.83333333333334

Direction: 83.41527495020411
x_offset: -79.5

Direction: 83.34211587839104
x_offset: -72.58333333333333
Now step changed to: 2

Direction: 83.33111484556665
x_offset: -69.125

Direction: 82.94854740294184
x_offset: -75.625

Direction: 83.21642600126928
x_offset: -87.4

Direction: 83.39214496163564
x_offset: -95.75

Direction: 83.47205264098436
x_offset: -66.875

Direction: 83.51423690565059
x_offset: -63.80000000000001

Direction: 83.69888979637095
x_offset: -63.5

Direction: 83.58823175717372
x_offset: -76.5

Direction: 83.55227423108673
x_offset: -76.91666666666667

Direction: 83.62634223832003
x_offset: -78.6

Direction: 83.54665716675999
x_offset: -80.1

Direction: 84.45663695177954
x_offset: -81.625

Direction: 84.51298110507781
x_offset: -68.16666666666666

Direction: 84.55948326778176
x_offset: -66.6

Direction: 85.08762528865344
x_offset: -79.33333333333333

Direction: 85.43816533561008
x_offset: -71.125

Direction: 85.60945219457632
x_offset: -68.80000000000001

Direction: 85.62836330908138
x_offset: -65.875

Direction: 86.17940971066668
x_offset: -63.75

Direction: 86.40884394534186
x_offset: -72.4

Direction: 86.47985695359716
x_offset: -53.375

Direction: 86.49995460057917
x_offset: -55.0

Direction: 86.52673583028016
x_offset: -60.80000000000001

Direction: 86.96102403137455
x_offset: -59.428571428571416

Direction: 87.53627330097498
x_offset: -59.5

Direction: 87.98730404223564
x_offset: -57.25

Direction: 88.47502781845185
x_offset: -54.375

Direction: 88.65322262437385
x_offset: -53.0

Direction: 89.02625480469091
x_offset: -47.125

Direction: 89.97929318050774
x_offset: -48.80000000000001

Direction: 89.61077519913935
x_offset: -52.625

Direction: 89.62005083772151
x_offset: -47.0

Direction: 89.60130316083777
x_offset: -44.5

Direction: 89.99359078945847
x_offset: -38.0

Direction: 90.35793824848402
x_offset: -40.41666666666666

Direction: 90.02802602024362
x_offset: -45.099999999999994

Direction: 89.59885158654966
x_offset: -40.375

Direction: 89.55675227625929
x_offset: -50.5

Direction: 89.67425524024699
x_offset: -45.30000000000001

Direction: 89.5734306499367
x_offset: -39.625

Direction: 89.55662012361445
x_offset: -33.19999999999999

Direction: 89.88615116993975
x_offset: -39.0

Direction: 89.97936369255649
x_offset: -45.900000000000006

Direction: 89.96192058526618
x_offset: -39.5

Direction: 89.9275829236455
x_offset: -37.33333333333334

Direction: 89.58499463175264
x_offset: -43.900000000000006

Direction: 89.55062364117609
x_offset: -32.69999999999999

Direction: 89.50789829779575
x_offset: -54.0

Direction: 89.43154619479743
x_offset: -35.69999999999999

Direction: 89.44298861745997
x_offset: -38.75

Direction: 88.98508598045055
x_offset: -34.5

Direction: 88.95746934002102
x_offset: -43.16666666666666

Direction: 88.54705070677281
x_offset: -39.099999999999994

Direction: 87.91771429023353
x_offset: -40.19999999999999

Direction: 88.64483067774728
x_offset: -51.0

Direction: 88.47102783076382
x_offset: -55.400000000000006

Direction: 88.46713873573685
x_offset: -45.625

Direction: 88.35540130412465
x_offset: -55.30000000000001

Direction: 87.87164276741593
x_offset: -56.400000000000006

Direction: 87.57749141087524
x_offset: -44.83333333333334

Direction: 87.2519704331039
x_offset: -72.0

Direction: 86.53548361825116
x_offset: -59.75

Direction: 86.4948733857058
x_offset: -60.0

Direction: 86.45936927171445
x_offset: -61.19999999999999

Direction: 86.33384964084813
x_offset: -68.08333333333334

Direction: 85.55120123152048
x_offset: -76.91666666666667

Direction: 85.51925588327947
x_offset: -63.5

Direction: 85.03373920392039
x_offset: -85.83333333333333

Direction: 84.6513225216798
x_offset: -81.5

Direction: 84.57179332596888
x_offset: -72.83333333333333

Direction: 84.47251286415676
x_offset: -73.8

Direction: 84.06991423236795
x_offset: -78.625

Direction: 84.0948451207181
x_offset: -66.75

Direction: 84.44155064676661
x_offset: -78.75

Direction: 84.51200609413777
x_offset: -68.0

Direction: 84.53376314307508
x_offset: -79.25

Direction: 84.96942505684265
x_offset: -80.25

Direction: 85.34210085723406
x_offset: -74.58333333333333

Direction: 85.0506820594703
x_offset: -71.125

Direction: 85.07574633601038
x_offset: -70.33333333333334

Direction: 85.48990818773305
x_offset: -79.5

Direction: 85.46366052695713
x_offset: -74.9

Direction: 85.48159099633816
x_offset: -76.5

Direction: 85.55437544066734
x_offset: -66.0

Direction: 86.01359590827946
x_offset: -67.25

Direction: 85.50481726973752
x_offset: -71.0

Direction: 85.51243640883436
x_offset: -62.375

Direction: 85.45548981895254
x_offset: -78.6

Direction: 85.02333104786372
x_offset: -62.900000000000006

Direction: 84.98598653628702
x_offset: -66.75

Direction: 84.61064008744654
x_offset: -87.83333333333333

Direction: 84.55106829175094
x_offset: -67.5

Direction: 84.40686829257832
x_offset: -82.5

Direction: 83.94163641192497
x_offset: -76.8

Direction: 83.97054018686578
x_offset: -77.125

Direction: 83.95302863405914
x_offset: -78.625

Direction: 83.55417742670664
x_offset: -75.33333333333333

Direction: 83.55782982665741
x_offset: -73.4

Direction: 83.4973616681857
x_offset: -75.3

Direction: 83.47267370571277
x_offset: -81.66666666666667

Direction: 83.4479048024119
x_offset: -90.66666666666667

Direction: 83.47014551384194
x_offset: -82.5

Direction: 83.5266888025603
x_offset: -78.6

Direction: 83.4997960601096
x_offset: -80.5

Direction: 83.51038239715774
x_offset: -81.9

Direction: 83.39997469191289
x_offset: -89.0

Direction: 83.4319591527767
x_offset: -84.1

Direction: 83.46731851179901
x_offset: -71.66666666666666

Direction: 83.18387764940374
x_offset: -74.16666666666667

Direction: 83.00410288934286
x_offset: -83.3

Direction: 83.04031941254212
x_offset: -94.7

Direction: 82.99740277124934
x_offset: -75.75

Direction: 83.04339414185719
x_offset: -84.4

Direction: 83.04120847714476
x_offset: -77.83333333333333

Direction: 82.91729720985373
x_offset: -85.25

Direction: 82.96424445701396
x_offset: -90.625

Direction: 83.00988444690651
x_offset: -88.33333333333333

Direction: 83.01046391628842
x_offset: -88.75

Direction: 83.02258532881189
x_offset: -68.5

Direction: 83.01011514308348
x_offset: -85.5

Direction: 83.37254487422831
x_offset: -77.9

Direction: 83.38286661210348
x_offset: -76.35714285714286

Direction: 83.96686129364163
x_offset: -72.0

Direction: 84.00073521961795
x_offset: -68.9
Now step changed to: 3

Direction: 83.91059821051252
x_offset: -57.41666666666666

Direction: 84.29891805381044
x_offset: -64.875

Direction: 84.95305173174516
x_offset: -61.0

Direction: 84.94424666118903
x_offset: -63.85714285714286

Direction: 85.47002567077271
x_offset: -58.19999999999999

Direction: 85.88387798078332
x_offset: -48.900000000000006

Direction: 85.9132160466302
x_offset: -44.400000000000006

Direction: 90.25782146863449
x_offset: -30.69999999999999

Direction: 86.92132213963194
x_offset: -47.16666666666666

Direction: 86.89955208976505
x_offset: -49.125

Direction: 86.92708804269517
x_offset: -47.25

Direction: 86.98105235741103
x_offset: -38.5

Direction: 86.90079681135435
x_offset: -41.400000000000006

Direction: 90.98680923821931
x_offset: -35.16666666666666

Direction: 86.91040943782647
x_offset: -44.35714285714286

Direction: 90.96261405033493
x_offset: -29.400000000000006

Direction: 86.88340892139462
x_offset: -49.83333333333334

Direction: 86.53730895759361
x_offset: -34.25

Direction: 86.84618233090251
x_offset: -46.4375

Direction: 90.50180796492486
x_offset: -42.0

Direction: 86.0200149545316
x_offset: -43.875

Direction: 87.94222695324589
x_offset: -53.83333333333334

Direction: 87.94289800377288
x_offset: -58.5

Direction: 85.95931980215167
x_offset: -45.19999999999999

Direction: 86.44242879485222
x_offset: -53.0

Direction: 86.96301562176467
x_offset: -42.099999999999994

Direction: 85.55264125844263
x_offset: -53.80000000000001

Direction: 85.56650178639372
x_offset: -55.875

Direction: 85.49755974238494
x_offset: -63.0

Direction: 86.53049030447428
x_offset: -45.80000000000001

Direction: 86.49304716719891
x_offset: -47.25

Direction: 86.48645694263267
x_offset: -48.625

Direction: 85.95842921403482
x_offset: -54.16666666666666

Direction: 86.00082374074827
x_offset: -49.0

Direction: 86.02826409470481
x_offset: -64.9

Direction: 86.42847026546606
x_offset: -42.75

Direction: 85.57180914706274
x_offset: -62.5

Direction: 85.67715253738996
x_offset: -57.900000000000006

Direction: 85.60611292792547
x_offset: -59.125

Direction: 85.60917478175585
x_offset: -59.25

Direction: 85.08901444042823
x_offset: -66.625

Direction: 85.4487502021636
x_offset: -64.375

Direction: 84.85693984070245
x_offset: -78.125

Direction: 84.98198151930637
x_offset: -61.0

Direction: 84.55090506940209
x_offset: -65.5

Direction: 84.50949562104766
x_offset: -68.625

Direction: 84.52621968711082
x_offset: -77.8

Direction: 84.0981921328584
x_offset: -67.33333333333334

Direction: 84.01713469759622
x_offset: -67.66666666666666

Direction: 83.92895623800806
x_offset: -87.5

Direction: 83.94229500376238
x_offset: -87.875

Direction: 83.92921264616223
x_offset: -77.875

Direction: 84.00992626058846
x_offset: -69.66666666666666

Direction: 84.06728424552945
x_offset: -76.0

Direction: 84.03487910603599
x_offset: -78.25

Direction: 84.10830924627174
x_offset: -74.75

Direction: 84.48663780172691
x_offset: -75.33333333333333

Direction: 84.53290732536088
x_offset: -74.85714285714286

Direction: 84.50900272315891
x_offset: -67.33333333333334

Direction: 84.84943208873898
x_offset: -74.625

Direction: 84.12930870444676
x_offset: -79.41666666666667

Direction: 84.0671840224905
x_offset: -81.58333333333333

Direction: 84.04607343246977
x_offset: -76.8

Direction: 83.99132476092016
x_offset: -84.25

Direction: 83.94535460423532
x_offset: -86.1

Direction: 83.92569831420309
x_offset: -89.9

Direction: 83.91512140544846
x_offset: -86.33333333333333

Direction: 83.9036477009964
x_offset: -85.0

Direction: 83.44123170702116
x_offset: -80.5

Direction: 83.1078924875569
x_offset: -90.875

Direction: 83.03168238838478
x_offset: -91.125

Direction: 83.04108673544607
x_offset: -97.2

Direction: 83.01820388627644
x_offset: -97.0

Direction: 83.02538565385575
x_offset: -94.125

Direction: 82.99781934846123
x_offset: -87.33333333333333

Direction: 82.95499093217622
x_offset: -89.7

Direction: 83.04728853127352
x_offset: -92.5

Direction: 83.06069546940367
x_offset: -89.75

Direction: 83.21846884571036
x_offset: -95.375

Direction: 83.87643044497416
x_offset: -89.125

Direction: 84.00480621110462
x_offset: -81.66666666666667

Direction: 84.03880992142734
x_offset: -84.75

Direction: 84.06434168263951
x_offset: -81.25

Direction: 84.52387117301612
x_offset: -82.875

Direction: 84.90731410418499
x_offset: -82.75

Direction: 84.94304088125695
x_offset: -83.5

Direction: 84.99999669818465
x_offset: -73.83333333333333

Direction: 85.06451675729812
x_offset: -81.875

Direction: 85.12762874870589
x_offset: -94.16666666666667

Direction: 85.98938759695295
x_offset: -82.375

Direction: 85.89208250100029
x_offset: -89.2

Direction: 85.88539370939947
x_offset: -85.375

Direction: 85.91434070839588
x_offset: -82.6

Direction: 85.95563540798251
x_offset: -89.5

Direction: 85.956060012731
x_offset: -87.375

Direction: 86.0218386027606
x_offset: -91.75

Direction: 86.05635367365338
x_offset: -82.83333333333333

Direction: 86.03050334797747
x_offset: -102.16666666666667

Direction: 86.06813415418253
x_offset: -97.75

Direction: 86.01879606571578
x_offset: -92.5

Direction: 86.15456266628713
x_offset: -97.75

Direction: 86.97365871775503
x_offset: -98.5

Direction: 86.72884427123648
x_offset: -103.25

Direction: 87.03728783708752
x_offset: -100.25

Direction: 87.0182815629075
x_offset: -98.75

Direction: 87.4529607650315
x_offset: -111.0

Direction: 87.91710079252701
x_offset: -98.75

Direction: 88.02523720132402
x_offset: -98.0

Direction: 88.16043536863523
x_offset: -96.5

Direction: 88.46443976852999
x_offset: -93.5

Direction: 89.0385330219727
x_offset: -104.5

Direction: 89.36054690123564
x_offset: -89.25

Direction: 89.33660525548115
x_offset: -76.33333333333333

Direction: 89.45459567500552
x_offset: -85.25

Direction: 86.95373740069422
x_offset: -117.75

Direction: 86.88119855882722
x_offset: -115.5

Direction: 86.91781917547185
x_offset: -117.0

Direction: 89.91073962972908
x_offset: -84.0

Direction: 89.98077753156531
x_offset: -85.0

Direction: 86.9749880924363
x_offset: -120.5

Direction: 88.9054685557391
x_offset: -87.75

Direction: 86.00329652468108
x_offset: -125.0
Now step changed to: 4

Direction: 89.0608177358711
x_offset: -91.5

Direction: 85.93368122519404
x_offset: -130.5

Direction: 85.8078063721247
x_offset: -133.0

Direction: 0
x_offset: 0

Direction: 84.77605240373158
x_offset: -140.0

Direction: 85.06078445787381
x_offset: -144.0

Direction: 0
x_offset: 0

Direction: 0
x_offset: 0

Direction: 90.52563460645761
x_offset: -73.5

Direction: 0
x_offset: 0

Direction: 0
x_offset: 0

Direction: 0
x_offset: 0

Direction: 0
x_offset: 0

Direction: 0
x_offset: 0

Direction: 0
x_offset: 0

Direction: 0
x_offset: 0

Direction: 0
x_offset: 0

Direction: 0
x_offset: 0

Direction: 0
x_offset: 0

Direction: 0
x_offset: 0

Direction: 0
x_offset: 0

Direction: 0
x_offset: 0

Direction: 0
x_offset: 0

Direction: 0
x_offset: 0

Direction: 0
x_offset: 0

Direction: 0
x_offset: 0

Direction: 0
x_offset: 0

Direction: 0
x_offset: 0

Direction: 0
x_offset: 0

Direction: 0
x_offset: 0

Direction: 0
x_offset: 0

Direction: 0
x_offset: 0

Direction: 0
x_offset: 0

Direction: 0
x_offset: 0

Direction: 0
x_offset: 0

Direction: 0
x_offset: 0

Direction: 0
x_offset: 0

Direction: 0
x_offset: 0

Direction: 0
x_offset: 0

Direction: 0
x_offset: 0

Direction: 0
x_offset: 0

Direction: 0
x_offset: 0

Direction: 0
x_offset: 0

Direction: 0
x_offset: 0

Direction: 0
x_offset: 0

Direction: 0
x_offset: 0

Direction: 0
x_offset: 0

Direction: 0
x_offset: 0

Direction: 0
x_offset: 0

Direction: 0
x_offset: 0

Direction: 0
x_offset: 0

Direction: 0
x_offset: 0

Direction: 0
x_offset: 0

Direction: 0
x_offset: 0

Direction: 0
x_offset: 0

Direction: 0
x_offset: 0

Direction: 0
x_offset: 0

Direction: 0
x_offset: 0

Direction: 0
x_offset: 0

Direction: 0
x_offset: 0

